This file contains any messages produced by compilers while
running configure, to aid debugging if configure makes a mistake.

It was created by imcmc configure 0.1.1, which was
generated by GNU Autoconf 2.69.  Invocation command line was

  $ ./configure 

## --------- ##
## Platform. ##
## --------- ##

hostname = lss3
uname -m = x86_64
uname -r = 3.13.0-66-generic
uname -s = Linux
uname -v = #108-Ubuntu SMP Wed Oct 7 15:20:27 UTC 2015

/usr/bin/uname -p = unknown
/bin/uname -X     = unknown

/bin/arch              = unknown
/usr/bin/arch -k       = unknown
/usr/convex/getsysinfo = unknown
/usr/bin/hostinfo      = unknown
/bin/machine           = unknown
/usr/bin/oslevel       = unknown
/bin/universe          = unknown

PATH: /usr/local/iCosmo
PATH: /usr/local/MATLAB/R2014a/bin
PATH: /home/xyh/WorkSpace/CosmoCodes/plc-2.0/bin
PATH: /opt/intel/composer_xe_2013_sp1.2.144/bin/intel64
PATH: /opt/intel/composer_xe_2013_sp1.2.144/mpirt/bin/intel64
PATH: /opt/intel/composer_xe_2013_sp1.2.144/debugger/gdb/intel64_mic/py27/bin
PATH: /opt/intel/composer_xe_2013_sp1.2.144/debugger/gdb/intel64/py27/bin
PATH: /opt/intel/composer_xe_2013_sp1.2.144/bin/intel64
PATH: /opt/intel/composer_xe_2013_sp1.2.144/bin/intel64_mic
PATH: /opt/intel/composer_xe_2013_sp1.2.144/debugger/gui/intel64
PATH: /usr/local/sbin
PATH: /usr/local/bin
PATH: /usr/sbin
PATH: /usr/bin
PATH: /sbin
PATH: /bin
PATH: /usr/games
PATH: /usr/local/games
PATH: /usr/local/snana/bin
PATH: /usr/local/snfit/bin
PATH: /usr/local/snls/bin
PATH: /home/xyh/.local/bin


## ----------- ##
## Core tests. ##
## ----------- ##

configure:2647: checking for a BSD-compatible install
configure:2715: result: /usr/bin/install -c
configure:2726: checking whether build environment is sane
configure:2781: result: yes
configure:2932: checking for a thread-safe mkdir -p
configure:2971: result: /bin/mkdir -p
configure:2978: checking for gawk
configure:2994: found /usr/bin/gawk
configure:3005: result: gawk
configure:3016: checking whether make sets $(MAKE)
configure:3038: result: yes
configure:3067: checking whether make supports nested variables
configure:3084: result: yes
configure:3210: checking whether to enable maintainer-specific portions of Makefiles
configure:3219: result: no
configure:3262: checking build system type
configure:3276: result: x86_64-unknown-linux-gnu
configure:3296: checking host system type
configure:3309: result: x86_64-unknown-linux-gnu
configure:3350: checking how to print strings
configure:3377: result: printf
configure:3410: checking for style of include used by make
configure:3438: result: GNU
configure:3509: checking for gcc
configure:3525: found /usr/bin/gcc
configure:3536: result: gcc
configure:3765: checking for C compiler version
configure:3774: gcc --version >&5
gcc (Ubuntu 5.1.0-0ubuntu11~14.04.1) 5.1.0
Copyright (C) 2015 Free Software Foundation, Inc.
This is free software; see the source for copying conditions.  There is NO
warranty; not even for MERCHANTABILITY or FITNESS FOR A PARTICULAR PURPOSE.

configure:3785: $? = 0
configure:3774: gcc -v >&5
Using built-in specs.
COLLECT_GCC=gcc
COLLECT_LTO_WRAPPER=/usr/lib/gcc/x86_64-linux-gnu/5/lto-wrapper
Target: x86_64-linux-gnu
Configured with: ../src/configure -v --with-pkgversion='Ubuntu 5.1.0-0ubuntu11~14.04.1' --with-bugurl=file:///usr/share/doc/gcc-5/README.Bugs --enable-languages=c,ada,c++,java,go,d,fortran,objc,obj-c++ --prefix=/usr --program-suffix=-5 --enable-shared --enable-linker-build-id --libexecdir=/usr/lib --without-included-gettext --enable-threads=posix --libdir=/usr/lib --enable-nls --with-sysroot=/ --enable-clocale=gnu --enable-libstdcxx-debug --enable-libstdcxx-time=yes --with-default-libstdcxx-abi=c++98 --enable-gnu-unique-object --disable-vtable-verify --enable-libmpx --enable-plugin --with-system-zlib --disable-browser-plugin --enable-java-awt=gtk --enable-gtk-cairo --with-java-home=/usr/lib/jvm/java-1.5.0-gcj-5-amd64/jre --enable-java-home --with-jvm-root-dir=/usr/lib/jvm/java-1.5.0-gcj-5-amd64 --with-jvm-jar-dir=/usr/lib/jvm-exports/java-1.5.0-gcj-5-amd64 --with-arch-directory=amd64 --with-ecj-jar=/usr/share/java/eclipse-ecj.jar --enable-objc-gc --enable-multiarch --disable-werror --with-arch-32=i686 --with-abi=m64 --with-multilib-list=m32,m64,mx32 --enable-multilib --with-tune=generic --enable-checking=release --build=x86_64-linux-gnu --host=x86_64-linux-gnu --target=x86_64-linux-gnu
Thread model: posix
gcc version 5.1.0 (Ubuntu 5.1.0-0ubuntu11~14.04.1) 
configure:3785: $? = 0
configure:3774: gcc -V >&5
gcc: error: unrecognized command line option '-V'
gcc: fatal error: no input files
compilation terminated.
configure:3785: $? = 1
configure:3774: gcc -qversion >&5
gcc: error: unrecognized command line option '-qversion'
gcc: fatal error: no input files
compilation terminated.
configure:3785: $? = 1
configure:3805: checking whether the C compiler works
configure:3827: gcc    conftest.c  >&5
configure:3831: $? = 0
configure:3879: result: yes
configure:3882: checking for C compiler default output file name
configure:3884: result: a.out
configure:3890: checking for suffix of executables
configure:3897: gcc -o conftest    conftest.c  >&5
configure:3901: $? = 0
configure:3923: result: 
configure:3945: checking whether we are cross compiling
configure:3953: gcc -o conftest    conftest.c  >&5
configure:3957: $? = 0
configure:3964: ./conftest
configure:3968: $? = 0
configure:3983: result: no
configure:3988: checking for suffix of object files
configure:4010: gcc -c   conftest.c >&5
configure:4014: $? = 0
configure:4035: result: o
configure:4039: checking whether we are using the GNU C compiler
configure:4058: gcc -c   conftest.c >&5
configure:4058: $? = 0
configure:4067: result: yes
configure:4076: checking whether gcc accepts -g
configure:4096: gcc -c -g  conftest.c >&5
configure:4096: $? = 0
configure:4137: result: yes
configure:4154: checking for gcc option to accept ISO C89
configure:4217: gcc  -c -g -O2  conftest.c >&5
configure:4217: $? = 0
configure:4230: result: none needed
configure:4255: checking whether gcc understands -c and -o together
configure:4277: gcc -c conftest.c -o conftest2.o
configure:4280: $? = 0
configure:4277: gcc -c conftest.c -o conftest2.o
configure:4280: $? = 0
configure:4292: result: yes
configure:4311: checking dependency style of gcc
configure:4422: result: gcc3
configure:4437: checking for a sed that does not truncate output
configure:4501: result: /bin/sed
configure:4519: checking for grep that handles long lines and -e
configure:4577: result: /bin/grep
configure:4582: checking for egrep
configure:4644: result: /bin/grep -E
configure:4649: checking for fgrep
configure:4711: result: /bin/grep -F
configure:4746: checking for ld used by gcc
configure:4813: result: /usr/bin/ld
configure:4820: checking if the linker (/usr/bin/ld) is GNU ld
configure:4835: result: yes
configure:4847: checking for BSD- or MS-compatible name lister (nm)
configure:4896: result: /usr/bin/nm -B
configure:5026: checking the name lister (/usr/bin/nm -B) interface
configure:5033: gcc -c -g -O2  conftest.c >&5
configure:5036: /usr/bin/nm -B "conftest.o"
configure:5039: output
0000000000000000 B some_variable
configure:5046: result: BSD nm
configure:5049: checking whether ln -s works
configure:5053: result: yes
configure:5061: checking the maximum length of command line arguments
configure:5192: result: 1572864
configure:5209: checking whether the shell understands some XSI constructs
configure:5219: result: yes
configure:5223: checking whether the shell understands "+="
configure:5229: result: yes
configure:5264: checking how to convert x86_64-unknown-linux-gnu file names to x86_64-unknown-linux-gnu format
configure:5304: result: func_convert_file_noop
configure:5311: checking how to convert x86_64-unknown-linux-gnu file names to toolchain format
configure:5331: result: func_convert_file_noop
configure:5338: checking for /usr/bin/ld option to reload object files
configure:5345: result: -r
configure:5419: checking for objdump
configure:5435: found /usr/bin/objdump
configure:5446: result: objdump
configure:5478: checking how to recognize dependent libraries
configure:5676: result: pass_all
configure:5761: checking for dlltool
configure:5791: result: no
configure:5821: checking how to associate runtime and link libraries
configure:5848: result: printf %s\n
configure:5909: checking for ar
configure:5925: found /usr/bin/ar
configure:5936: result: ar
configure:5973: checking for archiver @FILE support
configure:5990: gcc -c -g -O2  conftest.c >&5
configure:5990: $? = 0
configure:5993: ar cru libconftest.a @conftest.lst >&5
configure:5996: $? = 0
configure:6001: ar cru libconftest.a @conftest.lst >&5
ar: conftest.o: No such file or directory
configure:6004: $? = 1
configure:6016: result: @
configure:6074: checking for strip
configure:6090: found /usr/bin/strip
configure:6101: result: strip
configure:6173: checking for ranlib
configure:6189: found /usr/bin/ranlib
configure:6200: result: ranlib
configure:6302: checking command to parse /usr/bin/nm -B output from gcc object
configure:6422: gcc -c -g -O2  conftest.c >&5
configure:6425: $? = 0
configure:6429: /usr/bin/nm -B conftest.o \| sed -n -e 's/^.*[ ]\([ABCDGIRSTW][ABCDGIRSTW]*\)[ ][ ]*\([_A-Za-z][_A-Za-z0-9]*\)$/\1 \2 \2/p' | sed '/ __gnu_lto/d' \> conftest.nm
configure:6432: $? = 0
configure:6498: gcc -o conftest -g -O2   conftest.c conftstm.o >&5
configure:6501: $? = 0
configure:6539: result: ok
configure:6576: checking for sysroot
configure:6606: result: no
configure:6683: gcc -c -g -O2  conftest.c >&5
configure:6686: $? = 0
configure:6875: checking for mt
configure:6891: found /bin/mt
configure:6902: result: mt
configure:6925: checking if mt is a manifest tool
configure:6931: mt '-?'
configure:6939: result: no
configure:7581: checking how to run the C preprocessor
configure:7612: gcc -E  conftest.c
configure:7612: $? = 0
configure:7626: gcc -E  conftest.c
conftest.c:11:28: fatal error: ac_nonexistent.h: No such file or directory
compilation terminated.
configure:7626: $? = 1
configure: failed program was:
| /* confdefs.h */
| #define PACKAGE_NAME "imcmc"
| #define PACKAGE_TARNAME "imcmc"
| #define PACKAGE_VERSION "0.1.1"
| #define PACKAGE_STRING "imcmc 0.1.1"
| #define PACKAGE_BUGREPORT "yhxu@nao.cas.cn"
| #define PACKAGE_URL ""
| #define PACKAGE "imcmc"
| #define VERSION "0.1.1"
| /* end confdefs.h.  */
| #include <ac_nonexistent.h>
configure:7651: result: gcc -E
configure:7671: gcc -E  conftest.c
configure:7671: $? = 0
configure:7685: gcc -E  conftest.c
conftest.c:11:28: fatal error: ac_nonexistent.h: No such file or directory
compilation terminated.
configure:7685: $? = 1
configure: failed program was:
| /* confdefs.h */
| #define PACKAGE_NAME "imcmc"
| #define PACKAGE_TARNAME "imcmc"
| #define PACKAGE_VERSION "0.1.1"
| #define PACKAGE_STRING "imcmc 0.1.1"
| #define PACKAGE_BUGREPORT "yhxu@nao.cas.cn"
| #define PACKAGE_URL ""
| #define PACKAGE "imcmc"
| #define VERSION "0.1.1"
| /* end confdefs.h.  */
| #include <ac_nonexistent.h>
configure:7714: checking for ANSI C header files
configure:7734: gcc -c -g -O2  conftest.c >&5
configure:7734: $? = 0
configure:7807: gcc -o conftest -g -O2   conftest.c  >&5
configure:7807: $? = 0
configure:7807: ./conftest
configure:7807: $? = 0
configure:7818: result: yes
configure:7831: checking for sys/types.h
configure:7831: gcc -c -g -O2  conftest.c >&5
configure:7831: $? = 0
configure:7831: result: yes
configure:7831: checking for sys/stat.h
configure:7831: gcc -c -g -O2  conftest.c >&5
configure:7831: $? = 0
configure:7831: result: yes
configure:7831: checking for stdlib.h
configure:7831: gcc -c -g -O2  conftest.c >&5
configure:7831: $? = 0
configure:7831: result: yes
configure:7831: checking for string.h
configure:7831: gcc -c -g -O2  conftest.c >&5
configure:7831: $? = 0
configure:7831: result: yes
configure:7831: checking for memory.h
configure:7831: gcc -c -g -O2  conftest.c >&5
configure:7831: $? = 0
configure:7831: result: yes
configure:7831: checking for strings.h
configure:7831: gcc -c -g -O2  conftest.c >&5
configure:7831: $? = 0
configure:7831: result: yes
configure:7831: checking for inttypes.h
configure:7831: gcc -c -g -O2  conftest.c >&5
configure:7831: $? = 0
configure:7831: result: yes
configure:7831: checking for stdint.h
configure:7831: gcc -c -g -O2  conftest.c >&5
configure:7831: $? = 0
configure:7831: result: yes
configure:7831: checking for unistd.h
configure:7831: gcc -c -g -O2  conftest.c >&5
configure:7831: $? = 0
configure:7831: result: yes
configure:7845: checking for dlfcn.h
configure:7845: gcc -c -g -O2  conftest.c >&5
configure:7845: $? = 0
configure:7845: result: yes
configure:8051: checking for objdir
configure:8066: result: .libs
configure:8337: checking if gcc supports -fno-rtti -fno-exceptions
configure:8355: gcc -c -g -O2  -fno-rtti -fno-exceptions conftest.c >&5
cc1: warning: command line option '-fno-rtti' is valid for C++/ObjC++ but not for C
configure:8359: $? = 0
configure:8372: result: no
configure:8699: checking for gcc option to produce PIC
configure:8706: result: -fPIC -DPIC
configure:8714: checking if gcc PIC flag -fPIC -DPIC works
configure:8732: gcc -c -g -O2  -fPIC -DPIC -DPIC conftest.c >&5
configure:8736: $? = 0
configure:8749: result: yes
configure:8778: checking if gcc static flag -static works
configure:8806: result: yes
configure:8821: checking if gcc supports -c -o file.o
configure:8842: gcc -c -g -O2  -o out/conftest2.o conftest.c >&5
configure:8846: $? = 0
configure:8868: result: yes
configure:8876: checking if gcc supports -c -o file.o
configure:8923: result: yes
configure:8956: checking whether the gcc linker (/usr/bin/ld -m elf_x86_64) supports shared libraries
configure:10113: result: yes
configure:10150: checking whether -lc should be explicitly linked in
configure:10158: gcc -c -g -O2  conftest.c >&5
configure:10161: $? = 0
configure:10176: gcc -shared  -fPIC -DPIC conftest.o  -v -Wl,-soname -Wl,conftest -o conftest 2\>\&1 \| /bin/grep  -lc  \>/dev/null 2\>\&1
configure:10179: $? = 0
configure:10193: result: no
configure:10353: checking dynamic linker characteristics
configure:10853: gcc -o conftest -g -O2   -Wl,-rpath -Wl,/foo conftest.c  >&5
configure:10853: $? = 0
configure:11087: result: GNU/Linux ld.so
configure:11194: checking how to hardcode library paths into programs
configure:11219: result: immediate
configure:11759: checking whether stripping libraries is possible
configure:11764: result: yes
configure:11799: checking if libtool supports shared libraries
configure:11801: result: yes
configure:11804: checking whether to build shared libraries
configure:11825: result: yes
configure:11828: checking whether to build static libraries
configure:11832: result: yes
configure:11926: checking for gcc
configure:11953: result: gcc
configure:12182: checking for C compiler version
configure:12191: gcc --version >&5
gcc (Ubuntu 5.1.0-0ubuntu11~14.04.1) 5.1.0
Copyright (C) 2015 Free Software Foundation, Inc.
This is free software; see the source for copying conditions.  There is NO
warranty; not even for MERCHANTABILITY or FITNESS FOR A PARTICULAR PURPOSE.

configure:12202: $? = 0
configure:12191: gcc -v >&5
Using built-in specs.
COLLECT_GCC=gcc
COLLECT_LTO_WRAPPER=/usr/lib/gcc/x86_64-linux-gnu/5/lto-wrapper
Target: x86_64-linux-gnu
Configured with: ../src/configure -v --with-pkgversion='Ubuntu 5.1.0-0ubuntu11~14.04.1' --with-bugurl=file:///usr/share/doc/gcc-5/README.Bugs --enable-languages=c,ada,c++,java,go,d,fortran,objc,obj-c++ --prefix=/usr --program-suffix=-5 --enable-shared --enable-linker-build-id --libexecdir=/usr/lib --without-included-gettext --enable-threads=posix --libdir=/usr/lib --enable-nls --with-sysroot=/ --enable-clocale=gnu --enable-libstdcxx-debug --enable-libstdcxx-time=yes --with-default-libstdcxx-abi=c++98 --enable-gnu-unique-object --disable-vtable-verify --enable-libmpx --enable-plugin --with-system-zlib --disable-browser-plugin --enable-java-awt=gtk --enable-gtk-cairo --with-java-home=/usr/lib/jvm/java-1.5.0-gcj-5-amd64/jre --enable-java-home --with-jvm-root-dir=/usr/lib/jvm/java-1.5.0-gcj-5-amd64 --with-jvm-jar-dir=/usr/lib/jvm-exports/java-1.5.0-gcj-5-amd64 --with-arch-directory=amd64 --with-ecj-jar=/usr/share/java/eclipse-ecj.jar --enable-objc-gc --enable-multiarch --disable-werror --with-arch-32=i686 --with-abi=m64 --with-multilib-list=m32,m64,mx32 --enable-multilib --with-tune=generic --enable-checking=release --build=x86_64-linux-gnu --host=x86_64-linux-gnu --target=x86_64-linux-gnu
Thread model: posix
gcc version 5.1.0 (Ubuntu 5.1.0-0ubuntu11~14.04.1) 
configure:12202: $? = 0
configure:12191: gcc -V >&5
gcc: error: unrecognized command line option '-V'
gcc: fatal error: no input files
compilation terminated.
configure:12202: $? = 1
configure:12191: gcc -qversion >&5
gcc: error: unrecognized command line option '-qversion'
gcc: fatal error: no input files
compilation terminated.
configure:12202: $? = 1
configure:12206: checking whether we are using the GNU C compiler
configure:12234: result: yes
configure:12243: checking whether gcc accepts -g
configure:12304: result: yes
configure:12321: checking for gcc option to accept ISO C89
configure:12397: result: none needed
configure:12422: checking whether gcc understands -c and -o together
configure:12459: result: yes
configure:12478: checking dependency style of gcc
configure:12589: result: gcc3
configure:12662: checking for mpic++
configure:12678: found /usr/local/bin/mpic++
configure:12689: result: mpic++
configure:12716: checking for C++ compiler version
configure:12725: mpic++ --version >&5
icpc (ICC) 14.0.2 20140120
Copyright (C) 1985-2014 Intel Corporation.  All rights reserved.

configure:12736: $? = 0
configure:12725: mpic++ -v >&5
icpc version 14.0.2 (gcc version 4.8.0 compatibility)
configure:12736: $? = 0
configure:12725: mpic++ -V >&5
Intel(R) C++ Intel(R) 64 Compiler XE for applications running on Intel(R) 64, Version 14.0.2.144 Build 20140120
Copyright (C) 1985-2014 Intel Corporation.  All rights reserved.
FOR NON-COMMERCIAL USE ONLY

configure:12736: $? = 0
configure:12725: mpic++ -qversion >&5
icpc: command line warning #10006: ignoring unknown option '-qversion'
icpc: command line error: no files specified; for help type "icpc -help"
configure:12736: $? = 1
configure:12740: checking whether we are using the GNU C++ compiler
configure:12759: mpic++ -c   conftest.cpp >&5
configure:12759: $? = 0
configure:12768: result: yes
configure:12777: checking whether mpic++ accepts -g
configure:12797: mpic++ -c -g  conftest.cpp >&5
configure:12797: $? = 0
configure:12838: result: yes
configure:12863: checking dependency style of mpic++
configure:12974: result: gcc3
configure:13007: checking how to run the C++ preprocessor
configure:13034: mpic++ -E  conftest.cpp
configure:13034: $? = 0
configure:13048: mpic++ -E  conftest.cpp
conftest.cpp(23): error #2379: cannot open source file "ac_nonexistent.h"
  #include <ac_nonexistent.h>
                             ^

configure:13048: $? = 2
configure: failed program was:
| /* confdefs.h */
| #define PACKAGE_NAME "imcmc"
| #define PACKAGE_TARNAME "imcmc"
| #define PACKAGE_VERSION "0.1.1"
| #define PACKAGE_STRING "imcmc 0.1.1"
| #define PACKAGE_BUGREPORT "yhxu@nao.cas.cn"
| #define PACKAGE_URL ""
| #define PACKAGE "imcmc"
| #define VERSION "0.1.1"
| #define STDC_HEADERS 1
| #define HAVE_SYS_TYPES_H 1
| #define HAVE_SYS_STAT_H 1
| #define HAVE_STDLIB_H 1
| #define HAVE_STRING_H 1
| #define HAVE_MEMORY_H 1
| #define HAVE_STRINGS_H 1
| #define HAVE_INTTYPES_H 1
| #define HAVE_STDINT_H 1
| #define HAVE_UNISTD_H 1
| #define HAVE_DLFCN_H 1
| #define LT_OBJDIR ".libs/"
| /* end confdefs.h.  */
| #include <ac_nonexistent.h>
configure:13073: result: mpic++ -E
configure:13093: mpic++ -E  conftest.cpp
configure:13093: $? = 0
configure:13107: mpic++ -E  conftest.cpp
conftest.cpp(23): error #2379: cannot open source file "ac_nonexistent.h"
  #include <ac_nonexistent.h>
                             ^

configure:13107: $? = 2
configure: failed program was:
| /* confdefs.h */
| #define PACKAGE_NAME "imcmc"
| #define PACKAGE_TARNAME "imcmc"
| #define PACKAGE_VERSION "0.1.1"
| #define PACKAGE_STRING "imcmc 0.1.1"
| #define PACKAGE_BUGREPORT "yhxu@nao.cas.cn"
| #define PACKAGE_URL ""
| #define PACKAGE "imcmc"
| #define VERSION "0.1.1"
| #define STDC_HEADERS 1
| #define HAVE_SYS_TYPES_H 1
| #define HAVE_SYS_STAT_H 1
| #define HAVE_STDLIB_H 1
| #define HAVE_STRING_H 1
| #define HAVE_MEMORY_H 1
| #define HAVE_STRINGS_H 1
| #define HAVE_INTTYPES_H 1
| #define HAVE_STDINT_H 1
| #define HAVE_UNISTD_H 1
| #define HAVE_DLFCN_H 1
| #define LT_OBJDIR ".libs/"
| /* end confdefs.h.  */
| #include <ac_nonexistent.h>
configure:13276: checking for ld used by mpic++
configure:13343: result: /usr/bin/ld -m elf_x86_64
configure:13350: checking if the linker (/usr/bin/ld -m elf_x86_64) is GNU ld
configure:13365: result: yes
configure:13420: checking whether the mpic++ linker (/usr/bin/ld -m elf_x86_64) supports shared libraries
configure:14422: result: yes
configure:14458: mpic++ -c -g -O2  conftest.cpp >&5
configure:14461: $? = 0
configure:14981: checking for mpic++ option to produce PIC
configure:14988: result: -fPIC -DPIC
configure:14996: checking if mpic++ PIC flag -fPIC -DPIC works
configure:15014: mpic++ -c -g -O2  -fPIC -DPIC -DPIC conftest.cpp >&5
configure:15018: $? = 0
configure:15031: result: yes
configure:15054: checking if mpic++ static flag -static works
configure:15082: result: yes
configure:15094: checking if mpic++ supports -c -o file.o
configure:15115: mpic++ -c -g -O2  -o out/conftest2.o conftest.cpp >&5
configure:15119: $? = 0
configure:15141: result: yes
configure:15146: checking if mpic++ supports -c -o file.o
configure:15193: result: yes
configure:15223: checking whether the mpic++ linker (/usr/bin/ld -m elf_x86_64) supports shared libraries
configure:15262: result: yes
configure:15403: checking dynamic linker characteristics
configure:16071: result: GNU/Linux ld.so
configure:16124: checking how to hardcode library paths into programs
configure:16149: result: immediate
configure:16194: checking how to run the C++ preprocessor
configure:16260: result: mpic++ -E
configure:16280: mpic++ -E  conftest.cpp
configure:16280: $? = 0
configure:16294: mpic++ -E  conftest.cpp
conftest.cpp(23): error #2379: cannot open source file "ac_nonexistent.h"
  #include <ac_nonexistent.h>
                             ^

configure:16294: $? = 2
configure: failed program was:
| /* confdefs.h */
| #define PACKAGE_NAME "imcmc"
| #define PACKAGE_TARNAME "imcmc"
| #define PACKAGE_VERSION "0.1.1"
| #define PACKAGE_STRING "imcmc 0.1.1"
| #define PACKAGE_BUGREPORT "yhxu@nao.cas.cn"
| #define PACKAGE_URL ""
| #define PACKAGE "imcmc"
| #define VERSION "0.1.1"
| #define STDC_HEADERS 1
| #define HAVE_SYS_TYPES_H 1
| #define HAVE_SYS_STAT_H 1
| #define HAVE_STDLIB_H 1
| #define HAVE_STRING_H 1
| #define HAVE_MEMORY_H 1
| #define HAVE_STRINGS_H 1
| #define HAVE_INTTYPES_H 1
| #define HAVE_STDINT_H 1
| #define HAVE_UNISTD_H 1
| #define HAVE_DLFCN_H 1
| #define LT_OBJDIR ".libs/"
| /* end confdefs.h.  */
| #include <ac_nonexistent.h>
configure:16377: checking for stdbool.h that conforms to C99
configure:16444: mpic++ -c -O2  conftest.cpp >&5
configure:16444: $? = 0
configure:16451: result: yes
configure:16453: checking for _Bool
configure:16453: mpic++ -c -O2  conftest.cpp >&5
conftest.cpp(59): error: identifier "_Bool" is undefined
  if (sizeof (_Bool))
              ^

compilation aborted for conftest.cpp (code 2)
configure:16453: $? = 2
configure: failed program was:
| /* confdefs.h */
| #define PACKAGE_NAME "imcmc"
| #define PACKAGE_TARNAME "imcmc"
| #define PACKAGE_VERSION "0.1.1"
| #define PACKAGE_STRING "imcmc 0.1.1"
| #define PACKAGE_BUGREPORT "yhxu@nao.cas.cn"
| #define PACKAGE_URL ""
| #define PACKAGE "imcmc"
| #define VERSION "0.1.1"
| #define STDC_HEADERS 1
| #define HAVE_SYS_TYPES_H 1
| #define HAVE_SYS_STAT_H 1
| #define HAVE_STDLIB_H 1
| #define HAVE_STRING_H 1
| #define HAVE_MEMORY_H 1
| #define HAVE_STRINGS_H 1
| #define HAVE_INTTYPES_H 1
| #define HAVE_STDINT_H 1
| #define HAVE_UNISTD_H 1
| #define HAVE_DLFCN_H 1
| #define LT_OBJDIR ".libs/"
| /* end confdefs.h.  */
| #include <stdio.h>
| #ifdef HAVE_SYS_TYPES_H
| # include <sys/types.h>
| #endif
| #ifdef HAVE_SYS_STAT_H
| # include <sys/stat.h>
| #endif
| #ifdef STDC_HEADERS
| # include <stdlib.h>
| # include <stddef.h>
| #else
| # ifdef HAVE_STDLIB_H
| #  include <stdlib.h>
| # endif
| #endif
| #ifdef HAVE_STRING_H
| # if !defined STDC_HEADERS && defined HAVE_MEMORY_H
| #  include <memory.h>
| # endif
| # include <string.h>
| #endif
| #ifdef HAVE_STRINGS_H
| # include <strings.h>
| #endif
| #ifdef HAVE_INTTYPES_H
| # include <inttypes.h>
| #endif
| #ifdef HAVE_STDINT_H
| # include <stdint.h>
| #endif
| #ifdef HAVE_UNISTD_H
| # include <unistd.h>
| #endif
| int
| main ()
| {
| if (sizeof (_Bool))
| 	 return 0;
|   ;
|   return 0;
| }
configure:16453: result: no
configure:16471: checking for ANSI C header files
configure:16575: result: yes
configure:16583: checking for an ANSI C-conforming const
configure:16649: mpic++ -c -O2  conftest.cpp >&5
configure:16649: $? = 0
configure:16656: result: yes
configure:16664: checking for inline
configure:16680: mpic++ -c -O2  conftest.cpp >&5
configure:16680: $? = 0
configure:16688: result: inline
configure:16706: checking for int64_t
configure:16706: mpic++ -c -O2  conftest.cpp >&5
configure:16706: $? = 0
configure:16706: mpic++ -c -O2  conftest.cpp >&5
conftest.cpp(63): warning #61: integer operation result is out of range
  		 < (int64_t) (((((int64_t) 1 << N) << N) - 1) * 2 + 2))];
  		                                                  ^

conftest.cpp(62): error: the size of an array must be greater than zero
  static int test_array [1 - 2 * !((int64_t) (((((int64_t) 1 << N) << N) - 1) * 2 + 1)
                         ^

compilation aborted for conftest.cpp (code 2)
configure:16706: $? = 2
configure: failed program was:
| /* confdefs.h */
| #define PACKAGE_NAME "imcmc"
| #define PACKAGE_TARNAME "imcmc"
| #define PACKAGE_VERSION "0.1.1"
| #define PACKAGE_STRING "imcmc 0.1.1"
| #define PACKAGE_BUGREPORT "yhxu@nao.cas.cn"
| #define PACKAGE_URL ""
| #define PACKAGE "imcmc"
| #define VERSION "0.1.1"
| #define STDC_HEADERS 1
| #define HAVE_SYS_TYPES_H 1
| #define HAVE_SYS_STAT_H 1
| #define HAVE_STDLIB_H 1
| #define HAVE_STRING_H 1
| #define HAVE_MEMORY_H 1
| #define HAVE_STRINGS_H 1
| #define HAVE_INTTYPES_H 1
| #define HAVE_STDINT_H 1
| #define HAVE_UNISTD_H 1
| #define HAVE_DLFCN_H 1
| #define LT_OBJDIR ".libs/"
| #define HAVE_STDBOOL_H 1
| #define STDC_HEADERS 1
| /* end confdefs.h.  */
| #include <stdio.h>
| #ifdef HAVE_SYS_TYPES_H
| # include <sys/types.h>
| #endif
| #ifdef HAVE_SYS_STAT_H
| # include <sys/stat.h>
| #endif
| #ifdef STDC_HEADERS
| # include <stdlib.h>
| # include <stddef.h>
| #else
| # ifdef HAVE_STDLIB_H
| #  include <stdlib.h>
| # endif
| #endif
| #ifdef HAVE_STRING_H
| # if !defined STDC_HEADERS && defined HAVE_MEMORY_H
| #  include <memory.h>
| # endif
| # include <string.h>
| #endif
| #ifdef HAVE_STRINGS_H
| # include <strings.h>
| #endif
| #ifdef HAVE_INTTYPES_H
| # include <inttypes.h>
| #endif
| #ifdef HAVE_STDINT_H
| # include <stdint.h>
| #endif
| #ifdef HAVE_UNISTD_H
| # include <unistd.h>
| #endif
| 	        enum { N = 64 / 2 - 1 };
| int
| main ()
| {
| static int test_array [1 - 2 * !((int64_t) (((((int64_t) 1 << N) << N) - 1) * 2 + 1)
| 		 < (int64_t) (((((int64_t) 1 << N) << N) - 1) * 2 + 2))];
| test_array [0] = 0;
| return test_array [0];
| 
|   ;
|   return 0;
| }
configure:16706: result: yes
configure:16717: checking for size_t
configure:16717: mpic++ -c -O2  conftest.cpp >&5
configure:16717: $? = 0
configure:16717: mpic++ -c -O2  conftest.cpp >&5
conftest.cpp(61): error: expected an expression
  if (sizeof ((size_t)))
                      ^

compilation aborted for conftest.cpp (code 2)
configure:16717: $? = 2
configure: failed program was:
| /* confdefs.h */
| #define PACKAGE_NAME "imcmc"
| #define PACKAGE_TARNAME "imcmc"
| #define PACKAGE_VERSION "0.1.1"
| #define PACKAGE_STRING "imcmc 0.1.1"
| #define PACKAGE_BUGREPORT "yhxu@nao.cas.cn"
| #define PACKAGE_URL ""
| #define PACKAGE "imcmc"
| #define VERSION "0.1.1"
| #define STDC_HEADERS 1
| #define HAVE_SYS_TYPES_H 1
| #define HAVE_SYS_STAT_H 1
| #define HAVE_STDLIB_H 1
| #define HAVE_STRING_H 1
| #define HAVE_MEMORY_H 1
| #define HAVE_STRINGS_H 1
| #define HAVE_INTTYPES_H 1
| #define HAVE_STDINT_H 1
| #define HAVE_UNISTD_H 1
| #define HAVE_DLFCN_H 1
| #define LT_OBJDIR ".libs/"
| #define HAVE_STDBOOL_H 1
| #define STDC_HEADERS 1
| /* end confdefs.h.  */
| #include <stdio.h>
| #ifdef HAVE_SYS_TYPES_H
| # include <sys/types.h>
| #endif
| #ifdef HAVE_SYS_STAT_H
| # include <sys/stat.h>
| #endif
| #ifdef STDC_HEADERS
| # include <stdlib.h>
| # include <stddef.h>
| #else
| # ifdef HAVE_STDLIB_H
| #  include <stdlib.h>
| # endif
| #endif
| #ifdef HAVE_STRING_H
| # if !defined STDC_HEADERS && defined HAVE_MEMORY_H
| #  include <memory.h>
| # endif
| # include <string.h>
| #endif
| #ifdef HAVE_STRINGS_H
| # include <strings.h>
| #endif
| #ifdef HAVE_INTTYPES_H
| # include <inttypes.h>
| #endif
| #ifdef HAVE_STDINT_H
| # include <stdint.h>
| #endif
| #ifdef HAVE_UNISTD_H
| # include <unistd.h>
| #endif
| int
| main ()
| {
| if (sizeof ((size_t)))
| 	    return 0;
|   ;
|   return 0;
| }
configure:16717: result: yes
configure:16728: checking for working volatile
configure:16747: mpic++ -c -O2  conftest.cpp >&5
configure:16747: $? = 0
configure:16754: result: yes
configure:16762: checking for ptrdiff_t
configure:16762: mpic++ -c -O2  conftest.cpp >&5
configure:16762: $? = 0
configure:16762: mpic++ -c -O2  conftest.cpp >&5
conftest.cpp(61): error: expected an expression
  if (sizeof ((ptrdiff_t)))
                         ^

compilation aborted for conftest.cpp (code 2)
configure:16762: $? = 2
configure: failed program was:
| /* confdefs.h */
| #define PACKAGE_NAME "imcmc"
| #define PACKAGE_TARNAME "imcmc"
| #define PACKAGE_VERSION "0.1.1"
| #define PACKAGE_STRING "imcmc 0.1.1"
| #define PACKAGE_BUGREPORT "yhxu@nao.cas.cn"
| #define PACKAGE_URL ""
| #define PACKAGE "imcmc"
| #define VERSION "0.1.1"
| #define STDC_HEADERS 1
| #define HAVE_SYS_TYPES_H 1
| #define HAVE_SYS_STAT_H 1
| #define HAVE_STDLIB_H 1
| #define HAVE_STRING_H 1
| #define HAVE_MEMORY_H 1
| #define HAVE_STRINGS_H 1
| #define HAVE_INTTYPES_H 1
| #define HAVE_STDINT_H 1
| #define HAVE_UNISTD_H 1
| #define HAVE_DLFCN_H 1
| #define LT_OBJDIR ".libs/"
| #define HAVE_STDBOOL_H 1
| #define STDC_HEADERS 1
| /* end confdefs.h.  */
| #include <stdio.h>
| #ifdef HAVE_SYS_TYPES_H
| # include <sys/types.h>
| #endif
| #ifdef HAVE_SYS_STAT_H
| # include <sys/stat.h>
| #endif
| #ifdef STDC_HEADERS
| # include <stdlib.h>
| # include <stddef.h>
| #else
| # ifdef HAVE_STDLIB_H
| #  include <stdlib.h>
| # endif
| #endif
| #ifdef HAVE_STRING_H
| # if !defined STDC_HEADERS && defined HAVE_MEMORY_H
| #  include <memory.h>
| # endif
| # include <string.h>
| #endif
| #ifdef HAVE_STRINGS_H
| # include <strings.h>
| #endif
| #ifdef HAVE_INTTYPES_H
| # include <inttypes.h>
| #endif
| #ifdef HAVE_STDINT_H
| # include <stdint.h>
| #endif
| #ifdef HAVE_UNISTD_H
| # include <unistd.h>
| #endif
| int
| main ()
| {
| if (sizeof ((ptrdiff_t)))
| 	    return 0;
|   ;
|   return 0;
| }
configure:16762: result: yes
configure:16776: checking for stdlib.h
configure:16776: result: yes
configure:16786: checking for GNU libc compatible malloc
configure:16810: mpic++ -o conftest -O2   conftest.cpp  >&5
configure:16810: $? = 0
configure:16810: ./conftest
configure:16810: $? = 0
configure:16820: result: yes
configure:16841: checking whether lstat correctly handles trailing slash
configure:16867: mpic++ -o conftest -O2   conftest.cpp  >&5
configure:16867: $? = 0
configure:16867: ./conftest
configure:16867: $? = 0
configure:16884: result: yes
configure:16903: checking whether stat accepts an empty string
configure:16923: mpic++ -o conftest -O2   conftest.cpp  >&5
configure:16923: $? = 0
configure:16923: ./conftest
configure:16923: $? = 0
configure:16933: result: no
configure:16949: checking for working strtod
configure:16990: mpic++ -o conftest -O2   conftest.cpp  >&5
configure:16990: $? = 0
configure:16990: ./conftest
configure:16990: $? = 0
configure:17000: result: yes
configure:17064: checking for vprintf
configure:17064: mpic++ -o conftest -O2   conftest.cpp  >&5
configure:17064: $? = 0
configure:17064: result: yes
configure:17070: checking for _doprnt
configure:17070: mpic++ -o conftest -O2   conftest.cpp  >&5
/tmp/icpcIPkbTN.o: In function `main':
conftest.cpp:(.text+0x33): undefined reference to `_doprnt'
configure:17070: $? = 1
configure: failed program was:
| /* confdefs.h */
| #define PACKAGE_NAME "imcmc"
| #define PACKAGE_TARNAME "imcmc"
| #define PACKAGE_VERSION "0.1.1"
| #define PACKAGE_STRING "imcmc 0.1.1"
| #define PACKAGE_BUGREPORT "yhxu@nao.cas.cn"
| #define PACKAGE_URL ""
| #define PACKAGE "imcmc"
| #define VERSION "0.1.1"
| #define STDC_HEADERS 1
| #define HAVE_SYS_TYPES_H 1
| #define HAVE_SYS_STAT_H 1
| #define HAVE_STDLIB_H 1
| #define HAVE_STRING_H 1
| #define HAVE_MEMORY_H 1
| #define HAVE_STRINGS_H 1
| #define HAVE_INTTYPES_H 1
| #define HAVE_STDINT_H 1
| #define HAVE_UNISTD_H 1
| #define HAVE_DLFCN_H 1
| #define LT_OBJDIR ".libs/"
| #define HAVE_STDBOOL_H 1
| #define STDC_HEADERS 1
| #define HAVE_PTRDIFF_T 1
| #define HAVE_STDLIB_H 1
| #define HAVE_MALLOC 1
| #define LSTAT_FOLLOWS_SLASHED_SYMLINK 1
| #define HAVE_VPRINTF 1
| /* end confdefs.h.  */
| /* Define _doprnt to an innocuous variant, in case <limits.h> declares _doprnt.
|    For example, HP-UX 11i <limits.h> declares gettimeofday.  */
| #define _doprnt innocuous__doprnt
| 
| /* System header to define __stub macros and hopefully few prototypes,
|     which can conflict with char _doprnt (); below.
|     Prefer <limits.h> to <assert.h> if __STDC__ is defined, since
|     <limits.h> exists even on freestanding compilers.  */
| 
| #ifdef __STDC__
| # include <limits.h>
| #else
| # include <assert.h>
| #endif
| 
| #undef _doprnt
| 
| /* Override any GCC internal prototype to avoid an error.
|    Use char because int might match the return type of a GCC
|    builtin and then its argument prototype would still apply.  */
| #ifdef __cplusplus
| extern "C"
| #endif
| char _doprnt ();
| /* The GNU C library defines this for functions which it implements
|     to always fail with ENOSYS.  Some functions are actually named
|     something starting with __ and the normal name is an alias.  */
| #if defined __stub__doprnt || defined __stub____doprnt
| choke me
| #endif
| 
| int
| main ()
| {
| return _doprnt ();
|   ;
|   return 0;
| }
configure:17070: result: no
configure:17084: checking for memset
configure:17084: mpic++ -o conftest -O2   conftest.cpp  >&5
configure:17084: $? = 0
configure:17084: result: yes
configure:17084: checking for strerror
configure:17084: mpic++ -o conftest -O2   conftest.cpp  >&5
configure:17084: $? = 0
configure:17084: result: yes
configure:17084: checking for strtol
configure:17084: mpic++ -o conftest -O2   conftest.cpp  >&5
configure:17084: $? = 0
configure:17084: result: yes
configure:17084: checking for pow
configure:17084: mpic++ -o conftest -O2   conftest.cpp  >&5
configure:17084: $? = 0
configure:17084: result: yes
configure:17084: checking for sqrt
configure:17084: mpic++ -o conftest -O2   conftest.cpp  >&5
configure:17084: $? = 0
configure:17084: result: yes
configure:17195: result: Checking GSL 
configure:17197: checking for gsl_rng_alloc in -lgsl
configure:17222: mpic++ -o conftest -O2   conftest.cpp -lgsl  -lgsl -lgslcblas    >&5
configure:17222: $? = 0
configure:17231: result: yes
configure:17244: checking for cblas_dsdot in -lgslcblas
configure:17269: mpic++ -o conftest -O2   conftest.cpp -lgslcblas  -lgsl -lgslcblas   -lgsl  >&5
configure:17269: $? = 0
configure:17278: result: yes
configure:17302: result: Checking GSL Headers 
configure:17310: checking gsl/gsl_errno.h usability
configure:17310: mpic++ -c -O2  conftest.cpp >&5
configure:17310: $? = 0
configure:17310: result: yes
configure:17310: checking gsl/gsl_errno.h presence
configure:17310: mpic++ -E  conftest.cpp
configure:17310: $? = 0
configure:17310: result: yes
configure:17310: checking for gsl/gsl_errno.h
configure:17310: result: yes
configure:17310: checking gsl/gsl_math.h usability
configure:17310: mpic++ -c -O2  conftest.cpp >&5
configure:17310: $? = 0
configure:17310: result: yes
configure:17310: checking gsl/gsl_math.h presence
configure:17310: mpic++ -E  conftest.cpp
configure:17310: $? = 0
configure:17310: result: yes
configure:17310: checking for gsl/gsl_math.h
configure:17310: result: yes
configure:17310: checking gsl/gsl_rng.h usability
configure:17310: mpic++ -c -O2  conftest.cpp >&5
configure:17310: $? = 0
configure:17310: result: yes
configure:17310: checking gsl/gsl_rng.h presence
configure:17310: mpic++ -E  conftest.cpp
configure:17310: $? = 0
configure:17310: result: yes
configure:17310: checking for gsl/gsl_rng.h
configure:17310: result: yes
configure:17310: checking gsl/gsl_randist.h usability
configure:17310: mpic++ -c -O2  conftest.cpp >&5
configure:17310: $? = 0
configure:17310: result: yes
configure:17310: checking gsl/gsl_randist.h presence
configure:17310: mpic++ -E  conftest.cpp
configure:17310: $? = 0
configure:17310: result: yes
configure:17310: checking for gsl/gsl_randist.h
configure:17310: result: yes
configure:17444: result: Checking OpenMPI 
configure:17446: checking for main in -lmpi
configure:17465: mpic++ -o conftest -O2   conftest.cpp -lmpi -lmpi -lmpi_cxx  -lgslcblas -lgsl  >&5
configure:17465: $? = 0
configure:17474: result: yes
configure:17487: checking for main in -lmpi_cxx
configure:17506: mpic++ -o conftest -O2   conftest.cpp -lmpi_cxx -lmpi -lmpi_cxx  -lmpi -lgslcblas -lgsl  >&5
configure:17506: $? = 0
configure:17515: result: yes
configure:17539: result: Checking mpi Headers 
configure:17543: checking mpi.h usability
configure:17543: mpic++ -c -O2  conftest.cpp >&5
configure:17543: $? = 0
configure:17543: result: yes
configure:17543: checking mpi.h presence
configure:17543: mpic++ -E  conftest.cpp
configure:17543: $? = 0
configure:17543: result: yes
configure:17543: checking for mpi.h
configure:17543: result: yes
configure:17674: checking that generated files are newer than configure
configure:17680: result: done
configure:17715: creating ./config.status

## ---------------------- ##
## Running config.status. ##
## ---------------------- ##

This file was extended by imcmc config.status 0.1.1, which was
generated by GNU Autoconf 2.69.  Invocation command line was

  CONFIG_FILES    = 
  CONFIG_HEADERS  = 
  CONFIG_LINKS    = 
  CONFIG_COMMANDS = 
  $ ./config.status 

on lss3

config.status:1170: creating Makefile
config.status:1170: creating src/Makefile
config.status:1170: creating examples/Makefile
config.status:1170: creating config.h
config.status:1351: config.h is unchanged
config.status:1399: executing depfiles commands
config.status:1399: executing libtool commands

## ---------------- ##
## Cache variables. ##
## ---------------- ##

ac_cv_build=x86_64-unknown-linux-gnu
ac_cv_c_compiler_gnu=yes
ac_cv_c_const=yes
ac_cv_c_inline=inline
ac_cv_c_int64_t=yes
ac_cv_c_volatile=yes
ac_cv_cxx_compiler_gnu=yes
ac_cv_env_CCC_set=
ac_cv_env_CCC_value=
ac_cv_env_CC_set=
ac_cv_env_CC_value=
ac_cv_env_CFLAGS_set=
ac_cv_env_CFLAGS_value=
ac_cv_env_CPPFLAGS_set=
ac_cv_env_CPPFLAGS_value=
ac_cv_env_CPP_set=
ac_cv_env_CPP_value=
ac_cv_env_CXXCPP_set=
ac_cv_env_CXXCPP_value=
ac_cv_env_CXXFLAGS_set=
ac_cv_env_CXXFLAGS_value=
ac_cv_env_CXX_set=
ac_cv_env_CXX_value=
ac_cv_env_LDFLAGS_set=
ac_cv_env_LDFLAGS_value=
ac_cv_env_LIBS_set=
ac_cv_env_LIBS_value=
ac_cv_env_build_alias_set=
ac_cv_env_build_alias_value=
ac_cv_env_host_alias_set=
ac_cv_env_host_alias_value=
ac_cv_env_target_alias_set=
ac_cv_env_target_alias_value=
ac_cv_func__doprnt=no
ac_cv_func_lstat_dereferences_slashed_symlink=yes
ac_cv_func_malloc_0_nonnull=yes
ac_cv_func_memset=yes
ac_cv_func_pow=yes
ac_cv_func_sqrt=yes
ac_cv_func_stat_empty_string_bug=no
ac_cv_func_strerror=yes
ac_cv_func_strtod=yes
ac_cv_func_strtol=yes
ac_cv_func_vprintf=yes
ac_cv_header_dlfcn_h=yes
ac_cv_header_gsl_gsl_errno_h=yes
ac_cv_header_gsl_gsl_math_h=yes
ac_cv_header_gsl_gsl_randist_h=yes
ac_cv_header_gsl_gsl_rng_h=yes
ac_cv_header_inttypes_h=yes
ac_cv_header_memory_h=yes
ac_cv_header_mpi_h=yes
ac_cv_header_stdbool_h=yes
ac_cv_header_stdc=yes
ac_cv_header_stdint_h=yes
ac_cv_header_stdlib_h=yes
ac_cv_header_string_h=yes
ac_cv_header_strings_h=yes
ac_cv_header_sys_stat_h=yes
ac_cv_header_sys_types_h=yes
ac_cv_header_unistd_h=yes
ac_cv_host=x86_64-unknown-linux-gnu
ac_cv_lib_gsl_gsl_rng_alloc=yes
ac_cv_lib_gslcblas_cblas_dsdot=yes
ac_cv_lib_mpi_cxx_main=yes
ac_cv_lib_mpi_main=yes
ac_cv_objext=o
ac_cv_path_EGREP='/bin/grep -E'
ac_cv_path_FGREP='/bin/grep -F'
ac_cv_path_GREP=/bin/grep
ac_cv_path_SED=/bin/sed
ac_cv_path_install='/usr/bin/install -c'
ac_cv_path_mkdir=/bin/mkdir
ac_cv_prog_AWK=gawk
ac_cv_prog_CPP='gcc -E'
ac_cv_prog_CXXCPP='mpic++ -E'
ac_cv_prog_ac_ct_AR=ar
ac_cv_prog_ac_ct_CC=gcc
ac_cv_prog_ac_ct_CXX=mpic++
ac_cv_prog_ac_ct_MANIFEST_TOOL=mt
ac_cv_prog_ac_ct_OBJDUMP=objdump
ac_cv_prog_ac_ct_RANLIB=ranlib
ac_cv_prog_ac_ct_STRIP=strip
ac_cv_prog_cc_c89=
ac_cv_prog_cc_g=yes
ac_cv_prog_cxx_g=yes
ac_cv_prog_make_make_set=yes
ac_cv_type__Bool=no
ac_cv_type_ptrdiff_t=yes
ac_cv_type_size_t=yes
am_cv_CC_dependencies_compiler_type=gcc3
am_cv_CXX_dependencies_compiler_type=gcc3
am_cv_make_support_nested_variables=yes
am_cv_prog_cc_c_o=yes
lt_cv_ar_at_file=@
lt_cv_archive_cmds_need_lc=no
lt_cv_deplibs_check_method=pass_all
lt_cv_file_magic_cmd='$MAGIC_CMD'
lt_cv_file_magic_test_file=
lt_cv_ld_reload_flag=-r
lt_cv_nm_interface='BSD nm'
lt_cv_objdir=.libs
lt_cv_path_LD=/usr/bin/ld
lt_cv_path_LDCXX='/usr/bin/ld -m elf_x86_64'
lt_cv_path_NM='/usr/bin/nm -B'
lt_cv_path_mainfest_tool=no
lt_cv_prog_compiler_c_o=yes
lt_cv_prog_compiler_c_o_CXX=yes
lt_cv_prog_compiler_pic='-fPIC -DPIC'
lt_cv_prog_compiler_pic_CXX='-fPIC -DPIC'
lt_cv_prog_compiler_pic_works=yes
lt_cv_prog_compiler_pic_works_CXX=yes
lt_cv_prog_compiler_rtti_exceptions=no
lt_cv_prog_compiler_static_works=yes
lt_cv_prog_compiler_static_works_CXX=yes
lt_cv_prog_gnu_ld=yes
lt_cv_prog_gnu_ldcxx=yes
lt_cv_sharedlib_from_linklib_cmd='printf %s\n'
lt_cv_shlibpath_overrides_runpath=no
lt_cv_sys_global_symbol_pipe='sed -n -e '\''s/^.*[	 ]\([ABCDGIRSTW][ABCDGIRSTW]*\)[	 ][	 ]*\([_A-Za-z][_A-Za-z0-9]*\)$/\1 \2 \2/p'\'' | sed '\''/ __gnu_lto/d'\'''
lt_cv_sys_global_symbol_to_c_name_address='sed -n -e '\''s/^: \([^ ]*\)[ ]*$/  {\"\1\", (void *) 0},/p'\'' -e '\''s/^[ABCDGIRSTW]* \([^ ]*\) \([^ ]*\)$/  {"\2", (void *) \&\2},/p'\'''
lt_cv_sys_global_symbol_to_c_name_address_lib_prefix='sed -n -e '\''s/^: \([^ ]*\)[ ]*$/  {\"\1\", (void *) 0},/p'\'' -e '\''s/^[ABCDGIRSTW]* \([^ ]*\) \(lib[^ ]*\)$/  {"\2", (void *) \&\2},/p'\'' -e '\''s/^[ABCDGIRSTW]* \([^ ]*\) \([^ ]*\)$/  {"lib\2", (void *) \&\2},/p'\'''
lt_cv_sys_global_symbol_to_cdecl='sed -n -e '\''s/^T .* \(.*\)$/extern int \1();/p'\'' -e '\''s/^[ABCDGIRSTW]* .* \(.*\)$/extern char \1;/p'\'''
lt_cv_sys_max_cmd_len=1572864
lt_cv_to_host_file_cmd=func_convert_file_noop
lt_cv_to_tool_file_cmd=func_convert_file_noop

## ----------------- ##
## Output variables. ##
## ----------------- ##

ACLOCAL='${SHELL} /home/xyh/GitHub/imcmc/missing aclocal-1.14'
AMDEPBACKSLASH='\'
AMDEP_FALSE='#'
AMDEP_TRUE=''
AMTAR='$${TAR-tar}'
AM_BACKSLASH='\'
AM_DEFAULT_V='$(AM_DEFAULT_VERBOSITY)'
AM_DEFAULT_VERBOSITY='1'
AM_V='$(V)'
AR='ar'
AUTOCONF='${SHELL} /home/xyh/GitHub/imcmc/missing autoconf'
AUTOHEADER='${SHELL} /home/xyh/GitHub/imcmc/missing autoheader'
AUTOMAKE='${SHELL} /home/xyh/GitHub/imcmc/missing automake-1.14'
AWK='gawk'
CC='gcc'
CCDEPMODE='depmode=gcc3'
CFLAGS='-O2'
CPP='gcc -E'
CPPFLAGS=''
CXX='mpic++'
CXXCPP='mpic++ -E'
CXXDEPMODE='depmode=gcc3'
CXXFLAGS='-O2'
CYGPATH_W='echo'
DEFS='-DHAVE_CONFIG_H'
DEPDIR='.deps'
DLLTOOL='false'
DSYMUTIL=''
DUMPBIN=''
ECHO_C=''
ECHO_N='-n'
ECHO_T=''
EGREP='/bin/grep -E'
EXEEXT=''
FGREP='/bin/grep -F'
GREP='/bin/grep'
INSTALL_DATA='${INSTALL} -m 644'
INSTALL_PROGRAM='${INSTALL}'
INSTALL_SCRIPT='${INSTALL}'
INSTALL_STRIP_PROGRAM='$(install_sh) -c -s'
LD='/usr/bin/ld -m elf_x86_64'
LDFLAGS=''
LIBOBJS=''
LIBS='-lmpi_cxx -lmpi -lgslcblas -lgsl '
LIBTOOL='$(SHELL) $(top_builddir)/libtool'
LIPO=''
LN_S='ln -s'
LTLIBOBJS=''
MAINT='#'
MAINTAINER_MODE_FALSE=''
MAINTAINER_MODE_TRUE='#'
MAKEINFO='${SHELL} /home/xyh/GitHub/imcmc/missing makeinfo'
MANIFEST_TOOL=':'
MKDIR_P='/bin/mkdir -p'
NM='/usr/bin/nm -B'
NMEDIT=''
OBJDUMP='objdump'
OBJEXT='o'
OTOOL64=''
OTOOL=''
PACKAGE='imcmc'
PACKAGE_BUGREPORT='yhxu@nao.cas.cn'
PACKAGE_NAME='imcmc'
PACKAGE_STRING='imcmc 0.1.1'
PACKAGE_TARNAME='imcmc'
PACKAGE_URL=''
PACKAGE_VERSION='0.1.1'
PATH_SEPARATOR=':'
POW_LIB=''
RANLIB='ranlib'
SED='/bin/sed'
SET_MAKE=''
SHELL='/bin/bash'
STRIP='strip'
VERSION='0.1.1'
ac_ct_AR='ar'
ac_ct_CC='gcc'
ac_ct_CXX='mpic++'
ac_ct_DUMPBIN=''
am__EXEEXT_FALSE=''
am__EXEEXT_TRUE='#'
am__fastdepCC_FALSE='#'
am__fastdepCC_TRUE=''
am__fastdepCXX_FALSE='#'
am__fastdepCXX_TRUE=''
am__include='include'
am__isrc=''
am__leading_dot='.'
am__nodep='_no'
am__quote=''
am__tar='$${TAR-tar} chof - "$$tardir"'
am__untar='$${TAR-tar} xf -'
bindir='${exec_prefix}/bin'
build='x86_64-unknown-linux-gnu'
build_alias=''
build_cpu='x86_64'
build_os='linux-gnu'
build_vendor='unknown'
datadir='${datarootdir}'
datarootdir='${prefix}/share'
docdir='${datarootdir}/doc/${PACKAGE_TARNAME}'
dvidir='${docdir}'
exec_prefix='${prefix}'
host='x86_64-unknown-linux-gnu'
host_alias=''
host_cpu='x86_64'
host_os='linux-gnu'
host_vendor='unknown'
htmldir='${docdir}'
includedir='${prefix}/include'
infodir='${datarootdir}/info'
install_sh='${SHELL} /home/xyh/GitHub/imcmc/install-sh'
libdir='${exec_prefix}/lib'
libexecdir='${exec_prefix}/libexec'
localedir='${datarootdir}/locale'
localstatedir='${prefix}/var'
mandir='${datarootdir}/man'
mkdir_p='$(MKDIR_P)'
oldincludedir='/usr/include'
pdfdir='${docdir}'
prefix='/usr/local'
program_transform_name='s,x,x,'
psdir='${docdir}'
sbindir='${exec_prefix}/sbin'
sharedstatedir='${prefix}/com'
sysconfdir='${prefix}/etc'
target_alias=''

## ----------- ##
## confdefs.h. ##
## ----------- ##

/* confdefs.h */
#define PACKAGE_NAME "imcmc"
#define PACKAGE_TARNAME "imcmc"
#define PACKAGE_VERSION "0.1.1"
#define PACKAGE_STRING "imcmc 0.1.1"
#define PACKAGE_BUGREPORT "yhxu@nao.cas.cn"
#define PACKAGE_URL ""
#define PACKAGE "imcmc"
#define VERSION "0.1.1"
#define STDC_HEADERS 1
#define HAVE_SYS_TYPES_H 1
#define HAVE_SYS_STAT_H 1
#define HAVE_STDLIB_H 1
#define HAVE_STRING_H 1
#define HAVE_MEMORY_H 1
#define HAVE_STRINGS_H 1
#define HAVE_INTTYPES_H 1
#define HAVE_STDINT_H 1
#define HAVE_UNISTD_H 1
#define HAVE_DLFCN_H 1
#define LT_OBJDIR ".libs/"
#define HAVE_STDBOOL_H 1
#define STDC_HEADERS 1
#define HAVE_PTRDIFF_T 1
#define HAVE_STDLIB_H 1
#define HAVE_MALLOC 1
#define LSTAT_FOLLOWS_SLASHED_SYMLINK 1
#define HAVE_VPRINTF 1
#define HAVE_MEMSET 1
#define HAVE_STRERROR 1
#define HAVE_STRTOL 1
#define HAVE_POW 1
#define HAVE_SQRT 1
#define HAVE_LIBGSL 1
#define HAVE_LIBGSLCBLAS 1
#define HAVE_GSL_GSL_ERRNO_H 1
#define HAVE_GSL_GSL_MATH_H 1
#define HAVE_GSL_GSL_RNG_H 1
#define HAVE_GSL_GSL_RANDIST_H 1
#define HAVE_LIBMPI 1
#define HAVE_LIBMPI_CXX 1
#define HAVE_MPI_H 1

configure: exit 0
